<?xml version="1.0" encoding="UTF-8"?>
<!-- Generated by org.testng.reporters.JUnitXMLReporter -->
<testsuite hostname="DESKTOP-ID9MJDP" ignored="0" name="SmokeTest" tests="2" failures="1" timestamp="05 Jul 2017 22:47:20 GMT" time="25.798" errors="0">
  <testcase name="headerNavLinksTest" time="0.088" classname="com.wbl.HomePageTest">
    <failure type="java.lang.AssertionError" message="expected [6] but found [5]">
      <![CDATA[java.lang.AssertionError: expected [6] but found [5]
	at com.wbl.HomePageTest.headerNavLinksTest(HomePageTest.java:39)
... Removed 31 stack frames]]>
    </failure>
  </testcase> <!-- headerNavLinksTest -->
  <testcase name="sliderImagesTest" time="0.034" classname="com.wbl.HomePageTest"/>
</testsuite> <!-- SmokeTest -->
